<?xml version="1.0" encoding="UTF-8"?>
<!-- Generated by org.testng.reporters.JUnitReportReporter -->
<testsuite skipped="2" hostname="Lenovo-PC" name="tests.pageLaunch" tests="3" failures="0" timestamp="18 Mar 2018 23:13:09 GMT" time="18.311" errors="0">
  <testcase name="getUnfilteredArtistInfo" time="18.311" classname="tests.pageLaunch"/>
  <testcase name="searchLocation" classname="tests.pageLaunch">
    <skipped/>
  </testcase> <!-- searchLocation -->
  <testcase name="launchMusicInsightsPage" classname="tests.pageLaunch">
    <skipped/>
  </testcase> <!-- launchMusicInsightsPage -->
</testsuite> <!-- tests.pageLaunch -->
