<?xml version="1.0" encoding="UTF-8"?>
<!-- Generated by org.testng.reporters.JUnitReportReporter -->
<testsuite skipped="1" hostname="Lenovo-PC" name="tests.ExtractArtistInfo" tests="2" failures="0" timestamp="19 Mar 2018 22:39:11 GMT" time="138.438" errors="0">
  <testcase name="readAnnualArtistInfo" time="138.438" classname="tests.ExtractArtistInfo"/>
  <testcase name="readUnfilteredArtistInfo" classname="tests.ExtractArtistInfo">
    <skipped/>
  </testcase> <!-- readUnfilteredArtistInfo -->
</testsuite> <!-- tests.ExtractArtistInfo -->
